<?xml version="1.0" encoding="UTF-8"?>
<!-- Generated by org.testng.reporters.JUnitReportReporter -->
<testsuite hostname="DESKTOP-RE1LIDM" failures="0" tests="3" name="com.qa.checkin.CheckIn" time="0.018" errors="0" timestamp="2023-03-11T19:59:54 IST" skipped="1">
  <testcase classname="com.qa.checkin.CheckIn" name="BCheckIn1" time="0.016"/>
  <system-out/>
  <testcase classname="com.qa.checkin.CheckIn" name="ACheckIn3" time="0.002"/>
  <system-out/>
  <testcase classname="com.qa.checkin.CheckIn" name="CCheckIn2">
    <skipped/>
  </testcase> <!-- CCheckIn2 -->
  <system-out/>
</testsuite> <!-- com.qa.checkin.CheckIn -->
