<?xml version="1.0" encoding="UTF-8"?>
<!-- Generated by org.testng.reporters.JUnitReportReporter -->
<testsuite hostname="DESKTOP-RE1LIDM" failures="0" tests="1" name="com.qa.booking.TwoWay" time="0.003" errors="0" timestamp="2023-03-11T19:36:17 IST" skipped="0">
  <testcase classname="com.qa.booking.TwoWay" name="TwoWay1" time="0.003"/>
  <system-out/>
</testsuite> <!-- com.qa.booking.TwoWay -->
