<?xml version="1.0" encoding="UTF-8"?>
<!-- Generated by org.testng.reporters.JUnitReportReporter -->
<testsuite hostname="DESKTOP-RE1LIDM" failures="0" tests="1" name="com.qa.flightStatus.FlightStatusCheck" time="0.002" errors="0" timestamp="2023-02-27T20:50:56 IST" skipped="0">
  <testcase classname="com.qa.flightStatus.FlightStatusCheck" name="FlightStatusCheck1" time="0.002"/>
  <system-out/>
</testsuite> <!-- com.qa.flightStatus.FlightStatusCheck -->
