<?xml version="1.0" encoding="UTF-8"?>
<!-- Generated by org.testng.reporters.JUnitReportReporter -->
<testsuite hostname="DESKTOP-RE1LIDM" failures="0" tests="1" name="com.qa.booking.OneWay" time="0.014" errors="0" timestamp="2023-03-11T19:50:45 IST" skipped="0">
  <testcase classname="com.qa.booking.OneWay" name="OneWay3" time="0.014"/>
  <system-out/>
</testsuite> <!-- com.qa.booking.OneWay -->
